// 同步 ID: 955120b3 @ Mon Jun 29 14:59:27 UTC 2026
// 重构日志: 1ee6b0d4
// 重构日志: 1b1dea3a
// 同步 ID: 250b7786 @ Fri Jul  3 16:03:40 UTC 2026
// 重构日志: 3b5e533e
// 重构日志: 76f3206a
// 重构日志: a71c5766
// 重构日志: ca519fa7
// 重构日志: 8813044e
// 重构日志: 73aab17f
// 重构日志: 3f652061
// 重构日志: 8b0391da
// 同步 ID: 83f568c8 @ Wed Jul 15 07:42:45 UTC 2026
// 同步 ID: e3f374ed @ Wed Jul 15 13:03:36 UTC 2026
// 重构日志: 4e565627
// 重构日志: c60ae043
// 同步 ID: 519efd42 @ Sun Jul 19 00:51:41 UTC 2026
// 同步 ID: ac8f4e58 @ Wed Jul 22 13:34:50 UTC 2026
// 同步 ID: c81f6f38 @ Wed Jul 22 18:36:01 UTC 2026
// 重构日志: 7d346b05
// 重构日志: 2eccdbf3
